Determining if the pthread_create exist failed with the following output:
Change Dir: /home/berg111/lab-final-435/project-435-team-17/MergeSort/cuda/CMakeFiles/CMakeTmp

Run Build Command:"/usr/bin/gmake" "cmTC_c6d58/fast"
/usr/bin/gmake -f CMakeFiles/cmTC_c6d58.dir/build.make CMakeFiles/cmTC_c6d58.dir/build
gmake[1]: Entering directory `/home/berg111/lab-final-435/project-435-team-17/MergeSort/cuda/CMakeFiles/CMakeTmp'
Building CXX object CMakeFiles/cmTC_c6d58.dir/CheckSymbolExists.cxx.o
/sw/eb/sw/GCCcore/7.3.0/bin/c++     -o CMakeFiles/cmTC_c6d58.dir/CheckSymbolExists.cxx.o -c /home/berg111/lab-final-435/project-435-team-17/MergeSort/cuda/CMakeFiles/CMakeTmp/CheckSymbolExists.cxx
Linking CXX executable cmTC_c6d58
/sw/eb/sw/CMake/3.12.1-GCCcore-7.3.0/bin/cmake -E cmake_link_script CMakeFiles/cmTC_c6d58.dir/link.txt --verbose=1
/sw/eb/sw/GCCcore/7.3.0/bin/c++       CMakeFiles/cmTC_c6d58.dir/CheckSymbolExists.cxx.o  -o cmTC_c6d58 
CMakeFiles/cmTC_c6d58.dir/CheckSymbolExists.cxx.o:CheckSymbolExists.cxx:function main: error: undefined reference to 'pthread_create'
collect2: error: ld returned 1 exit status
gmake[1]: *** [cmTC_c6d58] Error 1
gmake[1]: Leaving directory `/home/berg111/lab-final-435/project-435-team-17/MergeSort/cuda/CMakeFiles/CMakeTmp'
gmake: *** [cmTC_c6d58/fast] Error 2

File /home/berg111/lab-final-435/project-435-team-17/MergeSort/cuda/CMakeFiles/CMakeTmp/CheckSymbolExists.cxx:
/* */
#include <pthread.h>

int main(int argc, char** argv)
{
  (void)argv;
#ifndef pthread_create
  return ((int*)(&pthread_create))[argc];
#else
  (void)argc;
  return 0;
#endif
}

Determining if the function pthread_create exists in the pthreads failed with the following output:
Change Dir: /home/berg111/lab-final-435/project-435-team-17/MergeSort/cuda/CMakeFiles/CMakeTmp

Run Build Command:"/usr/bin/gmake" "cmTC_352ee/fast"
/usr/bin/gmake -f CMakeFiles/cmTC_352ee.dir/build.make CMakeFiles/cmTC_352ee.dir/build
gmake[1]: Entering directory `/home/berg111/lab-final-435/project-435-team-17/MergeSort/cuda/CMakeFiles/CMakeTmp'
Building CXX object CMakeFiles/cmTC_352ee.dir/CheckFunctionExists.cxx.o
/sw/eb/sw/GCCcore/7.3.0/bin/c++    -DCHECK_FUNCTION_EXISTS=pthread_create   -o CMakeFiles/cmTC_352ee.dir/CheckFunctionExists.cxx.o -c /home/berg111/lab-final-435/project-435-team-17/MergeSort/cuda/CMakeFiles/CheckLibraryExists/CheckFunctionExists.cxx
Linking CXX executable cmTC_352ee
/sw/eb/sw/CMake/3.12.1-GCCcore-7.3.0/bin/cmake -E cmake_link_script CMakeFiles/cmTC_352ee.dir/link.txt --verbose=1
/sw/eb/sw/GCCcore/7.3.0/bin/c++   -DCHECK_FUNCTION_EXISTS=pthread_create    CMakeFiles/cmTC_352ee.dir/CheckFunctionExists.cxx.o  -o cmTC_352ee -lpthreads 
/sw/eb/sw/binutils/2.35/bin/ld.gold: error: cannot find -lpthreads
CMakeFiles/cmTC_352ee.dir/CheckFunctionExists.cxx.o:CheckFunctionExists.cxx:function main: error: undefined reference to 'pthread_create'
collect2: error: ld returned 1 exit status
gmake[1]: *** [cmTC_352ee] Error 1
gmake[1]: Leaving directory `/home/berg111/lab-final-435/project-435-team-17/MergeSort/cuda/CMakeFiles/CMakeTmp'
gmake: *** [cmTC_352ee/fast] Error 2


