Determining if the pthread_create exist failed with the following output:
Change Dir: /home/berg111/lab-final-435/project-435-team-17/MergeSort/mpi/CMakeFiles/CMakeTmp

Run Build Command:"/usr/bin/gmake" "cmTC_f026b/fast"
/usr/bin/gmake -f CMakeFiles/cmTC_f026b.dir/build.make CMakeFiles/cmTC_f026b.dir/build
gmake[1]: Entering directory `/home/berg111/lab-final-435/project-435-team-17/MergeSort/mpi/CMakeFiles/CMakeTmp'
Building C object CMakeFiles/cmTC_f026b.dir/CheckSymbolExists.c.o
/sw/eb/sw/GCCcore/10.2.0/bin/cc    -o CMakeFiles/cmTC_f026b.dir/CheckSymbolExists.c.o   -c /home/berg111/lab-final-435/project-435-team-17/MergeSort/mpi/CMakeFiles/CMakeTmp/CheckSymbolExists.c
Linking C executable cmTC_f026b
/sw/eb/sw/CMake/3.12.1/bin/cmake -E cmake_link_script CMakeFiles/cmTC_f026b.dir/link.txt --verbose=1
/sw/eb/sw/GCCcore/10.2.0/bin/cc      CMakeFiles/cmTC_f026b.dir/CheckSymbolExists.c.o  -o cmTC_f026b 
CMakeFiles/cmTC_f026b.dir/CheckSymbolExists.c.o:CheckSymbolExists.c:function main: error: undefined reference to 'pthread_create'
collect2: error: ld returned 1 exit status
gmake[1]: *** [cmTC_f026b] Error 1
gmake[1]: Leaving directory `/home/berg111/lab-final-435/project-435-team-17/MergeSort/mpi/CMakeFiles/CMakeTmp'
gmake: *** [cmTC_f026b/fast] Error 2

File /home/berg111/lab-final-435/project-435-team-17/MergeSort/mpi/CMakeFiles/CMakeTmp/CheckSymbolExists.c:
/* */
#include <pthread.h>

int main(int argc, char** argv)
{
  (void)argv;
#ifndef pthread_create
  return ((int*)(&pthread_create))[argc];
#else
  (void)argc;
  return 0;
#endif
}

Determining if the function pthread_create exists in the pthreads failed with the following output:
Change Dir: /home/berg111/lab-final-435/project-435-team-17/MergeSort/mpi/CMakeFiles/CMakeTmp

Run Build Command:"/usr/bin/gmake" "cmTC_843c2/fast"
/usr/bin/gmake -f CMakeFiles/cmTC_843c2.dir/build.make CMakeFiles/cmTC_843c2.dir/build
gmake[1]: Entering directory `/home/berg111/lab-final-435/project-435-team-17/MergeSort/mpi/CMakeFiles/CMakeTmp'
Building C object CMakeFiles/cmTC_843c2.dir/CheckFunctionExists.c.o
/sw/eb/sw/GCCcore/10.2.0/bin/cc   -DCHECK_FUNCTION_EXISTS=pthread_create   -o CMakeFiles/cmTC_843c2.dir/CheckFunctionExists.c.o   -c /sw/eb/sw/CMake/3.12.1/share/cmake-3.12/Modules/CheckFunctionExists.c
Linking C executable cmTC_843c2
/sw/eb/sw/CMake/3.12.1/bin/cmake -E cmake_link_script CMakeFiles/cmTC_843c2.dir/link.txt --verbose=1
/sw/eb/sw/GCCcore/10.2.0/bin/cc  -DCHECK_FUNCTION_EXISTS=pthread_create    CMakeFiles/cmTC_843c2.dir/CheckFunctionExists.c.o  -o cmTC_843c2 -lpthreads 
/sw/eb/sw/binutils/2.35-GCCcore-10.2.0/bin/ld.gold: error: cannot find -lpthreads
CMakeFiles/cmTC_843c2.dir/CheckFunctionExists.c.o:CheckFunctionExists.c:function main: error: undefined reference to 'pthread_create'
collect2: error: ld returned 1 exit status
gmake[1]: *** [cmTC_843c2] Error 1
gmake[1]: Leaving directory `/home/berg111/lab-final-435/project-435-team-17/MergeSort/mpi/CMakeFiles/CMakeTmp'
gmake: *** [cmTC_843c2/fast] Error 2


